<?xml version="1.0" encoding="UTF-8"?>
<testng-results ignored="0" total="1" passed="1" failed="0" skipped="0">
  <reporter-output>
  </reporter-output>
  <suite started-at="2025-04-06T11:46:09 IST" name="Default suite" finished-at="2025-04-06T11:46:21 IST" duration-ms="12075">
    <groups>
    </groups>
    <test started-at="2025-04-06T11:46:09 IST" name="Default test" finished-at="2025-04-06T11:46:21 IST" duration-ms="12075">
      <class name="Day1.Test1">
        <test-method signature="f()[pri:0, instance:Day1.Test1@563f38c4]" started-at="2025-04-06T11:46:09 IST" name="f" finished-at="2025-04-06T11:46:21 IST" duration-ms="12047" status="PASS">
          <reporter-output>
          </reporter-output>
        </test-method> <!-- f -->
      </class> <!-- Day1.Test1 -->
    </test> <!-- Default test -->
  </suite> <!-- Default suite -->
</testng-results>
